<?xml version="1.0" encoding="UTF-8"?>
<!-- Generated by org.testng.reporters.JUnitReportReporter -->
<testsuite hostname="DESKTOP-O29OAAI" failures="0" tests="1" name="HTTPRequests.GetRequests" time="5.054" errors="0" timestamp="2024-07-09T15:44:06 IST" skipped="0">
  <testcase classname="HTTPRequests.GetRequests" name="getUsers" time="5.054"/>
</testsuite> <!-- HTTPRequests.GetRequests -->
