<?xml version="1.0" encoding="UTF-8"?>
<!-- Generated by org.testng.reporters.JUnitReportReporter -->
<testsuite hostname="DESKTOP-O29OAAI" failures="0" tests="1" name="HTTPRequests.PostRequest" time="8.208" errors="0" timestamp="2024-07-09T16:32:33 IST" skipped="0">
  <testcase classname="HTTPRequests.PostRequest" name="createUser" time="8.208"/>
</testsuite> <!-- HTTPRequests.PostRequest -->
